25 _ _ l 1 
15 _ _ l 1 
inic _ _ l 1 
inic 0 0 r inic 
inic 1 1 r inic 
inic B B r inic 
inic X X r inic 
1 1 _ r 2 
1 0 _ r 3 
1 _ _ r 4 
2 0 1 l 5 
2 1 1 l 5 
2 _ 1 l 5 
2 B 1 l 5 
2 X 1 l 5 
5 0 0 l 1 
5 1 1 l 1 
5 _ & * # 
5 B B l 1 
5 X X l 1 
3 0 0 l 6 
3 1 0 l 6 
3 _ 0 l 6 
3 B 0 l 6 
3 X 0 l 6 
6 0 0 l 1 
6 1 1 l 1 
6 _ % * # 
6 B B l 1 
6 X X l 1 
4 _ B r 7 
8 1 X l 9 
8 0 X l 10 
8 X X l 8 
8 B B r halt-accept 
9 1 1 l 9 
9 X X l 9 
9 0 X r 7 
10 0 0 l 10 
10 X X l 10 
10 1 X r 7 
7 _ _ l 8 
7 0 0 r 7 
7 1 1 r 7 
7 B B r 7 
7 X X r 7 
volta % _ * 25 
volta & _ * 15 
0 1 S r um 
0 0 S r zero 
um 1 1 r um 
um 0 1 r zero 
um _ 1 l volta 
zero 1 0 r um 
zero 0 0 r zero 
zero _ 0 l volta 
volta 1 1 l volta 
volta 0 0 l volta 
volta _ _ r inic 
volta S S r esp 
esp 1 _ r um 
esp 0 _ r zero 
esp % _ r % 
# % _ * 25 
esp & _ r & 
# & _ * 15 
